2016-03-04 13:56:46,786 p=7762 u=mykola |   
2016-03-04 13:56:46,786 p=7762 u=mykola |  /usr/bin/ansible-playbook setup-tomcat.yml -i /home/mykola/Works/OMS-ansible/invertory
2016-03-04 13:56:46,786 p=7762 u=mykola |   
2016-03-04 13:56:48,017 p=7762 u=mykola |   ________________
< PLAY [jenkins] >
 ----------------
        \   ^__^
         \  (oo)\_______
            (__)\       )\/\
                ||----w |
                ||     ||


2016-03-04 13:56:48,096 p=7762 u=mykola |   _________________
< GATHERING FACTS >
 -----------------
        \   ^__^
         \  (oo)\_______
            (__)\       )\/\
                ||----w |
                ||     ||


2016-03-04 13:56:52,568 p=7762 u=mykola |  ok: [192.168.22.12]
2016-03-04 13:56:52,670 p=7762 u=mykola |   _______________________________
< TASK: tomcat | Install Tomcat >
 -------------------------------
        \   ^__^
         \  (oo)\_______
            (__)\       )\/\
                ||----w |
                ||     ||


2016-03-04 13:56:55,117 p=7762 u=mykola |  failed: [192.168.22.12] => {"failed": true}
2016-03-04 13:56:55,118 p=7762 u=mykola |  msg: this module requires key=value arguments (['name=tomcat', 'tomcat-webapps', 'tomcat-admin-webapps', 'state=present'])
2016-03-04 13:56:55,118 p=7762 u=mykola |  FATAL: all hosts have already failed -- aborting
2016-03-04 13:56:55,197 p=7762 u=mykola |   ____________
< PLAY RECAP >
 ------------
        \   ^__^
         \  (oo)\_______
            (__)\       )\/\
                ||----w |
                ||     ||


2016-03-04 13:56:55,197 p=7762 u=mykola |             to retry, use: --limit @/home/mykola/setup-tomcat.retry

2016-03-04 13:56:55,198 p=7762 u=mykola |  192.168.22.12              : ok=1    changed=0    unreachable=0    failed=1   
2016-03-04 13:59:36,506 p=7800 u=mykola |   
2016-03-04 13:59:36,506 p=7800 u=mykola |  /usr/bin/ansible-playbook setup-tomcat.yml -i /home/mykola/Works/OMS-ansible/invertory
2016-03-04 13:59:36,506 p=7800 u=mykola |   
2016-03-04 13:59:36,806 p=7800 u=mykola |   ________________
< PLAY [jenkins] >
 ----------------
        \   ^__^
         \  (oo)\_______
            (__)\       )\/\
                ||----w |
                ||     ||


2016-03-04 13:59:36,887 p=7800 u=mykola |   _________________
< GATHERING FACTS >
 -----------------
        \   ^__^
         \  (oo)\_______
            (__)\       )\/\
                ||----w |
                ||     ||


2016-03-04 13:59:41,238 p=7800 u=mykola |  ok: [192.168.22.12]
2016-03-04 13:59:41,318 p=7800 u=mykola |   ___________________________________________
< TASK: setlocalrepo | Move repos to backup >
 -------------------------------------------
        \   ^__^
         \  (oo)\_______
            (__)\       )\/\
                ||----w |
                ||     ||


2016-03-04 13:59:42,842 p=7800 u=mykola |  changed: [192.168.22.12]
2016-03-04 13:59:42,925 p=7800 u=mykola |   _____________________________________
< TASK: setlocalrepo | Copy localrepo >
 -------------------------------------
        \   ^__^
         \  (oo)\_______
            (__)\       )\/\
                ||----w |
                ||     ||


2016-03-04 13:59:45,059 p=7800 u=mykola |  changed: [192.168.22.12]
2016-03-04 13:59:45,143 p=7800 u=mykola |   ____________________________________________
< TASK: setlocalrepo | cleaning task for yum >
 --------------------------------------------
        \   ^__^
         \  (oo)\_______
            (__)\       )\/\
                ||----w |
                ||     ||


2016-03-04 13:59:47,395 p=7800 u=mykola |  changed: [192.168.22.12]
2016-03-04 13:59:47,473 p=7800 u=mykola |   _______________________________
< TASK: tomcat | Install Tomcat >
 -------------------------------
        \   ^__^
         \  (oo)\_______
            (__)\       )\/\
                ||----w |
                ||     ||


2016-03-04 13:59:49,226 p=7800 u=mykola |  failed: [192.168.22.12] => {"failed": true}
2016-03-04 13:59:49,227 p=7800 u=mykola |  msg: this module requires key=value arguments (['name=tomcat', 'tomcat-webapps', 'tomcat-admin-webapps', 'state=present'])
2016-03-04 13:59:49,227 p=7800 u=mykola |  FATAL: all hosts have already failed -- aborting
2016-03-04 13:59:49,301 p=7800 u=mykola |   ____________
< PLAY RECAP >
 ------------
        \   ^__^
         \  (oo)\_______
            (__)\       )\/\
                ||----w |
                ||     ||


2016-03-04 13:59:49,302 p=7800 u=mykola |             to retry, use: --limit @/home/mykola/setup-tomcat.retry

2016-03-04 13:59:49,303 p=7800 u=mykola |  192.168.22.12              : ok=4    changed=3    unreachable=0    failed=1   
2016-03-04 14:01:43,492 p=7851 u=mykola |   
2016-03-04 14:01:43,492 p=7851 u=mykola |  /usr/bin/ansible-playbook setup-tomcat.yml -i /home/mykola/Works/OMS-ansible/invertory
2016-03-04 14:01:43,493 p=7851 u=mykola |   
2016-03-04 14:01:43,596 p=7851 u=mykola |   ________________
< PLAY [jenkins] >
 ----------------
        \   ^__^
         \  (oo)\_______
            (__)\       )\/\
                ||----w |
                ||     ||


2016-03-04 14:01:43,665 p=7851 u=mykola |   _________________
< GATHERING FACTS >
 -----------------
        \   ^__^
         \  (oo)\_______
            (__)\       )\/\
                ||----w |
                ||     ||


2016-03-04 14:01:47,749 p=7851 u=mykola |  ok: [192.168.22.12]
2016-03-04 14:01:47,837 p=7851 u=mykola |   ___________________________________________
< TASK: setlocalrepo | Move repos to backup >
 -------------------------------------------
        \   ^__^
         \  (oo)\_______
            (__)\       )\/\
                ||----w |
                ||     ||


2016-03-04 14:01:49,259 p=7851 u=mykola |  changed: [192.168.22.12]
2016-03-04 14:01:49,340 p=7851 u=mykola |   _____________________________________
< TASK: setlocalrepo | Copy localrepo >
 -------------------------------------
        \   ^__^
         \  (oo)\_______
            (__)\       )\/\
                ||----w |
                ||     ||


2016-03-04 14:01:51,328 p=7851 u=mykola |  changed: [192.168.22.12]
2016-03-04 14:01:51,409 p=7851 u=mykola |   ____________________________________________
< TASK: setlocalrepo | cleaning task for yum >
 --------------------------------------------
        \   ^__^
         \  (oo)\_______
            (__)\       )\/\
                ||----w |
                ||     ||


2016-03-04 14:01:52,905 p=7851 u=mykola |  changed: [192.168.22.12]
2016-03-04 14:01:52,984 p=7851 u=mykola |   _______________________________
< TASK: tomcat | Install Tomcat >
 -------------------------------
        \   ^__^
         \  (oo)\_______
            (__)\       )\/\
                ||----w |
                ||     ||


2016-03-04 14:02:38,426 p=7851 u=mykola |  failed: [192.168.22.12] => {"failed": true}
2016-03-04 14:02:38,427 p=7851 u=mykola |  msg: Failure talking to yum: failure: repodata/repomd.xml from localrepo: [Errno 256] No more mirrors to try.
http://192.168.22.14/repos/CentOS/repodata/repomd.xml: [Errno 14] curl#52 - "Empty reply from server"
2016-03-04 14:02:38,427 p=7851 u=mykola |  FATAL: all hosts have already failed -- aborting
2016-03-04 14:02:38,504 p=7851 u=mykola |   ____________
< PLAY RECAP >
 ------------
        \   ^__^
         \  (oo)\_______
            (__)\       )\/\
                ||----w |
                ||     ||


2016-03-04 14:02:38,506 p=7851 u=mykola |             to retry, use: --limit @/home/mykola/setup-tomcat.retry

2016-03-04 14:02:38,506 p=7851 u=mykola |  192.168.22.12              : ok=4    changed=3    unreachable=0    failed=1   
2016-03-04 14:03:30,111 p=7897 u=mykola |   
2016-03-04 14:03:30,111 p=7897 u=mykola |  /usr/bin/ansible-playbook setup-tomcat.yml -i /home/mykola/Works/OMS-ansible/invertory
2016-03-04 14:03:30,111 p=7897 u=mykola |   
2016-03-04 14:03:30,275 p=7897 u=mykola |   ________________
< PLAY [jenkins] >
 ----------------
        \   ^__^
         \  (oo)\_______
            (__)\       )\/\
                ||----w |
                ||     ||


2016-03-04 14:03:30,345 p=7897 u=mykola |   _________________
< GATHERING FACTS >
 -----------------
        \   ^__^
         \  (oo)\_______
            (__)\       )\/\
                ||----w |
                ||     ||


2016-03-04 14:03:32,635 p=7897 u=mykola |  ok: [192.168.22.12]
2016-03-04 14:03:32,721 p=7897 u=mykola |   ___________________________________________
< TASK: setlocalrepo | Move repos to backup >
 -------------------------------------------
        \   ^__^
         \  (oo)\_______
            (__)\       )\/\
                ||----w |
                ||     ||


2016-03-04 14:03:34,213 p=7897 u=mykola |  changed: [192.168.22.12]
2016-03-04 14:03:34,292 p=7897 u=mykola |   _____________________________________
< TASK: setlocalrepo | Copy localrepo >
 -------------------------------------
        \   ^__^
         \  (oo)\_______
            (__)\       )\/\
                ||----w |
                ||     ||


2016-03-04 14:03:36,280 p=7897 u=mykola |  changed: [192.168.22.12]
2016-03-04 14:03:36,361 p=7897 u=mykola |   ____________________________________________
< TASK: setlocalrepo | cleaning task for yum >
 --------------------------------------------
        \   ^__^
         \  (oo)\_______
            (__)\       )\/\
                ||----w |
                ||     ||


2016-03-04 14:03:38,404 p=7897 u=mykola |  changed: [192.168.22.12]
2016-03-04 14:03:38,481 p=7897 u=mykola |   _______________________________
< TASK: tomcat | Install Tomcat >
 -------------------------------
        \   ^__^
         \  (oo)\_______
            (__)\       )\/\
                ||----w |
                ||     ||


2016-03-04 14:03:50,150 p=7897 u=mykola |  changed: [192.168.22.12]
2016-03-04 14:03:50,230 p=7897 u=mykola |   ________________________________________
< TASK: tomcat | Configure Tomcat server >
 ----------------------------------------
        \   ^__^
         \  (oo)\_______
            (__)\       )\/\
                ||----w |
                ||     ||


2016-03-04 14:03:52,206 p=7897 u=mykola |  changed: [192.168.22.12]
2016-03-04 14:03:52,290 p=7897 u=mykola |   _______________________________________
< TASK: tomcat | Configure Tomcat users >
 ---------------------------------------
        \   ^__^
         \  (oo)\_______
            (__)\       )\/\
                ||----w |
                ||     ||


2016-03-04 14:03:54,175 p=7897 u=mykola |  changed: [192.168.22.12]
2016-03-04 14:03:54,263 p=7897 u=mykola |   _______________________________________
< TASK: tomcat | Modify etc environment >
 ---------------------------------------
        \   ^__^
         \  (oo)\_______
            (__)\       )\/\
                ||----w |
                ||     ||


2016-03-04 14:03:55,175 p=7897 u=mykola |  ok: [192.168.22.12] => (item=CATALINA_HOME="/usr/share/tomcat")
2016-03-04 14:03:55,259 p=7897 u=mykola |   ______________________________________
< TASK: tomcat | Set Tomcat extra_path >
 --------------------------------------
        \   ^__^
         \  (oo)\_______
            (__)\       )\/\
                ||----w |
                ||     ||


2016-03-04 14:03:55,282 p=7897 u=mykola |  ok: [192.168.22.12]
2016-03-04 14:03:55,369 p=7897 u=mykola |   _______________________________________________
< TASK: tomcat | Add {{mvn_extra_path}} to path >
 -----------------------------------------------
        \   ^__^
         \  (oo)\_______
            (__)\       )\/\
                ||----w |
                ||     ||


2016-03-04 14:03:56,735 p=7897 u=mykola |  ok: [192.168.22.12]
2016-03-04 14:03:56,823 p=7897 u=mykola |   _____________________________
< TASK: tomcat | Start Tomcat >
 -----------------------------
        \   ^__^
         \  (oo)\_______
            (__)\       )\/\
                ||----w |
                ||     ||


2016-03-04 14:04:00,272 p=7897 u=mykola |  changed: [192.168.22.12]
2016-03-04 14:04:00,350 p=7897 u=mykola |   _________________________________________
< TASK: tomcat | Wait for tomcat to start >
 -----------------------------------------
        \   ^__^
         \  (oo)\_______
            (__)\       )\/\
                ||----w |
                ||     ||


2016-03-04 14:04:07,414 p=7897 u=mykola |  ok: [192.168.22.12]
2016-03-04 14:04:07,494 p=7897 u=mykola |   ___________________________________
< NOTIFIED: tomcat | restart tomcat >
 -----------------------------------
        \   ^__^
         \  (oo)\_______
            (__)\       )\/\
                ||----w |
                ||     ||


2016-03-04 14:04:15,158 p=7897 u=mykola |  changed: [192.168.22.12]
2016-03-04 14:04:15,291 p=7897 u=mykola |   ____________
< PLAY RECAP >
 ------------
        \   ^__^
         \  (oo)\_______
            (__)\       )\/\
                ||----w |
                ||     ||


2016-03-04 14:04:15,292 p=7897 u=mykola |  192.168.22.12              : ok=13   changed=8    unreachable=0    failed=0   
2016-03-04 14:11:37,031 p=8145 u=mykola |   
2016-03-04 14:11:37,050 p=8145 u=mykola |  /usr/bin/ansible-playbook setup-tomcat.yml -i /home/mykola/Works/OMS-ansible/invertory
2016-03-04 14:11:37,051 p=8145 u=mykola |   
2016-03-04 14:11:38,113 p=8145 u=mykola |   ________________
< PLAY [jenkins] >
 ----------------
        \   ^__^
         \  (oo)\_______
            (__)\       )\/\
                ||----w |
                ||     ||


2016-03-04 14:11:38,184 p=8145 u=mykola |   _________________
< GATHERING FACTS >
 -----------------
        \   ^__^
         \  (oo)\_______
            (__)\       )\/\
                ||----w |
                ||     ||


2016-03-04 14:11:42,409 p=8145 u=mykola |  ok: [192.168.22.12]
2016-03-04 14:11:42,496 p=8145 u=mykola |   ___________________________________________
< TASK: setlocalrepo | Move repos to backup >
 -------------------------------------------
        \   ^__^
         \  (oo)\_______
            (__)\       )\/\
                ||----w |
                ||     ||


2016-03-04 14:11:43,623 p=8145 u=mykola |  changed: [192.168.22.12]
2016-03-04 14:11:43,704 p=8145 u=mykola |   _____________________________________
< TASK: setlocalrepo | Copy localrepo >
 -------------------------------------
        \   ^__^
         \  (oo)\_______
            (__)\       )\/\
                ||----w |
                ||     ||


2016-03-04 14:11:45,384 p=8145 u=mykola |  changed: [192.168.22.12]
2016-03-04 14:11:45,459 p=8145 u=mykola |   ____________________________________________
< TASK: setlocalrepo | cleaning task for yum >
 --------------------------------------------
        \   ^__^
         \  (oo)\_______
            (__)\       )\/\
                ||----w |
                ||     ||


2016-03-04 14:11:47,451 p=8145 u=mykola |  changed: [192.168.22.12]
2016-03-04 14:11:47,530 p=8145 u=mykola |   _______________________________
< TASK: tomcat | Install Tomcat >
 -------------------------------
        \   ^__^
         \  (oo)\_______
            (__)\       )\/\
                ||----w |
                ||     ||


2016-03-04 14:11:51,738 p=8145 u=mykola |  ok: [192.168.22.12]
2016-03-04 14:11:51,824 p=8145 u=mykola |   ________________________________________
< TASK: tomcat | Configure Tomcat server >
 ----------------------------------------
        \   ^__^
         \  (oo)\_______
            (__)\       )\/\
                ||----w |
                ||     ||


2016-03-04 14:11:53,648 p=8145 u=mykola |  ok: [192.168.22.12]
2016-03-04 14:11:53,726 p=8145 u=mykola |   _______________________________________
< TASK: tomcat | Configure Tomcat users >
 ---------------------------------------
        \   ^__^
         \  (oo)\_______
            (__)\       )\/\
                ||----w |
                ||     ||


2016-03-04 14:11:55,068 p=8145 u=mykola |  ok: [192.168.22.12]
2016-03-04 14:11:55,148 p=8145 u=mykola |   _______________________________________
< TASK: tomcat | Configure Tomcat users >
 ---------------------------------------
        \   ^__^
         \  (oo)\_______
            (__)\       )\/\
                ||----w |
                ||     ||


2016-03-04 14:11:57,165 p=8145 u=mykola |  changed: [192.168.22.12]
2016-03-04 14:11:57,247 p=8145 u=mykola |   _______________________________________
< TASK: tomcat | Modify etc environment >
 ---------------------------------------
        \   ^__^
         \  (oo)\_______
            (__)\       )\/\
                ||----w |
                ||     ||


2016-03-04 14:11:58,599 p=8145 u=mykola |  ok: [192.168.22.12] => (item=CATALINA_HOME="/usr/share/tomcat")
2016-03-04 14:11:58,682 p=8145 u=mykola |   ______________________________________
< TASK: tomcat | Set Tomcat extra_path >
 --------------------------------------
        \   ^__^
         \  (oo)\_______
            (__)\       )\/\
                ||----w |
                ||     ||


2016-03-04 14:11:58,715 p=8145 u=mykola |  ok: [192.168.22.12]
2016-03-04 14:11:58,815 p=8145 u=mykola |   ___________________________________________
< TASK: tomcat | Add {{extra_path}} to path >
 -------------------------------------------
        \   ^__^
         \  (oo)\_______
            (__)\       )\/\
                ||----w |
                ||     ||


2016-03-04 14:11:59,978 p=8145 u=mykola |  ok: [192.168.22.12]
2016-03-04 14:12:00,065 p=8145 u=mykola |   _____________________________
< TASK: tomcat | Start Tomcat >
 -----------------------------
        \   ^__^
         \  (oo)\_______
            (__)\       )\/\
                ||----w |
                ||     ||


2016-03-04 14:12:01,763 p=8145 u=mykola |  ok: [192.168.22.12]
2016-03-04 14:12:01,843 p=8145 u=mykola |   _________________________________________
< TASK: tomcat | Wait for tomcat to start >
 -----------------------------------------
        \   ^__^
         \  (oo)\_______
            (__)\       )\/\
                ||----w |
                ||     ||


2016-03-04 14:12:03,195 p=8145 u=mykola |  ok: [192.168.22.12]
2016-03-04 14:12:03,279 p=8145 u=mykola |   ___________________________________
< NOTIFIED: tomcat | restart tomcat >
 -----------------------------------
        \   ^__^
         \  (oo)\_______
            (__)\       )\/\
                ||----w |
                ||     ||


2016-03-04 14:12:07,299 p=8145 u=mykola |  changed: [192.168.22.12]
2016-03-04 14:12:07,379 p=8145 u=mykola |   ____________
< PLAY RECAP >
 ------------
        \   ^__^
         \  (oo)\_______
            (__)\       )\/\
                ||----w |
                ||     ||


2016-03-04 14:12:07,380 p=8145 u=mykola |  192.168.22.12              : ok=14   changed=5    unreachable=0    failed=0   
